\BOOKMARK [0][-]{chapter*.2}{\376\377\000M\000o\000t\000i\000v\000a\000t\000i\000o\000n}{}% 1
\BOOKMARK [0][-]{chapter*.6}{\376\377\000I\000n\000t\000r\000o\000d\000u\000c\000t\000i\000o\000n}{}% 2
\BOOKMARK [0][-]{chapter*.7}{\376\377\000C\000o\000n\000t\000r\000i\000b\000u\000t\000i\000o\000n\000s}{}% 3
\BOOKMARK [0][-]{chapter.1}{\376\377\000B\000u\000s\000i\000n\000e\000s\000s\000\040\000l\000o\000g\000i\000c}{}% 4
\BOOKMARK [1][-]{section.1.1}{\376\377\000A\000t\000t\000e\000n\000d\000e\000e\000\040\000u\000s\000e\000r\000\040\000f\000l\000o\000w}{chapter.1}% 5
\BOOKMARK [2][-]{subsection.1.1.1}{\376\377\000V\000i\000s\000i\000t\000i\000n\000g\000\040\000t\000h\000e\000\040\000w\000e\000b\000s\000i\000t\000e\000\040\000a\000n\000d\000\040\000s\000i\000g\000n\000i\000n\000g\000\040\000u\000p}{section.1.1}% 6
\BOOKMARK [2][-]{subsection.1.1.2}{\376\377\000M\000a\000i\000n\000\040\000p\000a\000g\000e}{section.1.1}% 7
\BOOKMARK [2][-]{subsection.1.1.3}{\376\377\000P\000r\000o\000f\000i\000l\000e\000\040\000p\000a\000g\000e}{section.1.1}% 8
\BOOKMARK [1][-]{section.1.2}{\376\377\000O\000r\000g\000a\000n\000i\000z\000e\000r\000\040\000u\000s\000e\000r\000\040\000f\000l\000o\000w}{chapter.1}% 9
\BOOKMARK [0][-]{chapter.2}{\376\377\000P\000r\000o\000j\000e\000c\000t\000\040\000s\000t\000r\000u\000c\000t\000u\000r\000e}{}% 10
\BOOKMARK [1][-]{section.2.1}{\376\377\000F\000i\000l\000e\000\040\000a\000n\000d\000\040\000d\000i\000r\000e\000c\000t\000o\000r\000y\000\040\000o\000r\000g\000a\000n\000i\000z\000a\000t\000i\000o\000n}{chapter.2}% 11
\BOOKMARK [1][-]{section.2.2}{\376\377\000T\000i\000t\000l\000u\000l\000\040\000s\000e\000c\002\033\000i\000u\000n\000i\000i\000\040\0002}{chapter.2}% 12
\BOOKMARK [1][-]{section.2.3}{\376\377\000T\000i\000t\000l\000u\000l\000\040\000s\000e\000c\002\033\000i\000u\000n\000i\000i\000\040\0003}{chapter.2}% 13
\BOOKMARK [0][-]{chapter.3}{\376\377\000A\000p\000p\000l\000i\000c\000a\000t\000i\000o\000n\000\040\000i\000n\000f\000r\000a\000s\000t\000r\000u\000c\000t\000u\000r\000e}{}% 14
\BOOKMARK [1][-]{section.3.1}{\376\377\000T\000i\000t\000l\000u\000l\000\040\000s\000e\000c\002\033\000i\000u\000n\000i\000i\000\040\0001}{chapter.3}% 15
\BOOKMARK [1][-]{section.3.2}{\376\377\000T\000i\000t\000l\000u\000l\000\040\000s\000e\000c\002\033\000i\000u\000n\000i\000i\000\040\0002}{chapter.3}% 16
\BOOKMARK [0][-]{chapter.4}{\376\377\000F\000r\000o\000n\000t\000e\000n\000d}{}% 17
\BOOKMARK [1][-]{section.4.1}{\376\377\000T\000i\000t\000l\000u\000l\000\040\000s\000e\000c\002\033\000i\000u\000n\000i\000i\000\040\0001}{chapter.4}% 18
\BOOKMARK [1][-]{section.4.2}{\376\377\000T\000i\000t\000l\000u\000l\000\040\000s\000e\000c\002\033\000i\000u\000n\000i\000i\000\040\0002}{chapter.4}% 19
\BOOKMARK [1][-]{section.4.3}{\376\377\000T\000i\000t\000l\000u\000l\000\040\000s\000e\000c\002\033\000i\000u\000n\000i\000i\000\040\0003}{chapter.4}% 20
\BOOKMARK [0][-]{chapter.5}{\376\377\000B\000a\000c\000k\000e\000n\000d}{}% 21
\BOOKMARK [1][-]{section.5.1}{\376\377\000T\000i\000t\000l\000u\000l\000\040\000s\000e\000c\002\033\000i\000u\000n\000i\000i\000\040\0001}{chapter.5}% 22
\BOOKMARK [1][-]{section.5.2}{\376\377\000T\000i\000t\000l\000u\000l\000\040\000s\000e\000c\002\033\000i\000u\000n\000i\000i\000\040\0002}{chapter.5}% 23
\BOOKMARK [1][-]{section.5.3}{\376\377\000T\000i\000t\000l\000u\000l\000\040\000s\000e\000c\002\033\000i\000u\000n\000i\000i\000\040\0003}{chapter.5}% 24
\BOOKMARK [0][-]{chapter.6}{\376\377\000I\000m\000p\000r\000o\000v\000e\000m\000e\000n\000t\000s\000\040\000a\000n\000d\000\040\000l\000i\000m\000i\000t\000a\000t\000i\000o\000n\000s}{}% 25
\BOOKMARK [1][-]{section.6.1}{\376\377\000T\000i\000t\000l\000u\000l\000\040\000s\000e\000c\002\033\000i\000u\000n\000i\000i\000\040\0001}{chapter.6}% 26
\BOOKMARK [1][-]{section.6.2}{\376\377\000T\000i\000t\000l\000u\000l\000\040\000s\000e\000c\002\033\000i\000u\000n\000i\000i\000\040\0002}{chapter.6}% 27
\BOOKMARK [1][-]{section.6.3}{\376\377\000T\000i\000t\000l\000u\000l\000\040\000s\000e\000c\002\033\000i\000u\000n\000i\000i\000\040\0003}{chapter.6}% 28
\BOOKMARK [0][-]{chapter*.8}{\376\377\000C\000o\000n\000c\000l\000u\000s\000i\000o\000n\000s}{}% 29
\BOOKMARK [0][-]{chapter*.9}{\376\377\000B\000i\000b\000l\000i\000o\000g\000r\000a\000p\000h\000y}{}% 30
